#
# There is insufficient memory for the Java Runtime Environment to continue.
# Native memory allocation (malloc) failed to allocate 224176 bytes for Chunk::new
# Possible reasons:
#   The system is out of physical RAM or swap space
#   The process is running with CompressedOops enabled, and the Java Heap may be blocking the growth of the native heap
# Possible solutions:
#   Reduce memory load on the system
#   Increase physical memory or swap space
#   Check if swap backing store is full
#   Decrease Java heap size (-Xmx/-Xms)
#   Decrease number of Java threads
#   Decrease Java thread stack sizes (-Xss)
#   Set larger code cache with -XX:ReservedCodeCacheSize=
#   JVM is running with Unscaled Compressed Oops mode in which the Java heap is
#     placed in the first 4GB address space. The Java Heap base address is the
#     maximum limit for the native heap growth. Please use -XX:HeapBaseMinAddress
#     to set the Java Heap base and to place the Java Heap above 4GB virtual address.
# This output file may be truncated or incomplete.
#
#  Out of Memory Error (arena.cpp:184), pid=8460, tid=9340
#
# JRE version: Java(TM) SE Runtime Environment (20.0.2+9) (build 20.0.2+9-78)
# Java VM: Java HotSpot(TM) 64-Bit Server VM (20.0.2+9-78, mixed mode, sharing, tiered, compressed oops, compressed class ptrs, g1 gc, windows-amd64)
# No core dump will be written. Minidumps are not enabled by default on client versions of Windows
#

---------------  S U M M A R Y ------------

Command Line: -Dfile.encoding=UTF-8 giaodienchuan.Main

Host: Intel(R) Core(TM) i5-10300H CPU @ 2.50GHz, 8 cores, 7G,  Windows 11 , 64 bit Build 25997 (10.0.25997.1000)
Time: Fri Nov 24 09:10:15 2023 SE Asia Standard Time elapsed time: 348.983777 seconds (0d 0h 5m 48s)

---------------  T H R E A D  ---------------

Current thread (0x0000023013c09a40):  JavaThread "C2 CompilerThread0" daemon [_thread_in_native, id=9340, stack(0x00000070c6800000,0x00000070c6900000)]


Current CompileTask:
C2: 348983 5002       4       sun.java2d.marlin.DMarlinRenderingEngine::pathToLoop (534 bytes)

Stack: [0x00000070c6800000,0x00000070c6900000]
Native frames: (J=compiled Java code, j=interpreted, Vv=VM code, C=native code)
V  [jvm.dll+0x6bc25a]
V  [jvm.dll+0x84971a]
V  [jvm.dll+0x84b315]
V  [jvm.dll+0x84ba13]
V  [jvm.dll+0x280e4f]
V  [jvm.dll+0xc2ab1]
V  [jvm.dll+0xc2dd5]
V  [jvm.dll+0x2f611f]
V  [jvm.dll+0x5e3b0b]
V  [jvm.dll+0x254684]
V  [jvm.dll+0x24ce00]
V  [jvm.dll+0x24a819]
V  [jvm.dll+0x1ce761]
V  [jvm.dll+0x25a0eb]
V  [jvm.dll+0x2587c0]
V  [jvm.dll+0x3f2dd5]
V  [jvm.dll+0x7f5c76]
V  [jvm.dll+0x6baecb]
C  [ucrtbase.dll+0x6e350]
C  [KERNEL32.DLL+0x11f67]
C  [ntdll.dll+0x54730]


---------------  P R O C E S S  ---------------

Threads class SMR info:
_java_thread_list=0x0000023014ecf4e0, length=18, elements={
0x0000022fce3a84d0, 0x0000022fce3abc30, 0x0000022fce3ae820, 0x0000022fce3b26c0,
0x0000022fce3b3ed0, 0x0000023013c08090, 0x0000023013c09a40, 0x0000023013c31ff0,
0x0000023013d6ab20, 0x0000023013d75400, 0x0000023013fc4020, 0x0000023013f6bb20,
0x0000023013f6e8a0, 0x0000023014a226f0, 0x0000022fb173d5d0, 0x0000023014c379d0,
0x0000023013e622d0, 0x0000023015ffb530
}

Java Threads: ( => current thread )
  0x0000022fce3a84d0 JavaThread "Reference Handler" daemon [_thread_blocked, id=10036, stack(0x00000070c6200000,0x00000070c6300000)]
  0x0000022fce3abc30 JavaThread "Finalizer" daemon [_thread_blocked, id=7468, stack(0x00000070c6300000,0x00000070c6400000)]
  0x0000022fce3ae820 JavaThread "Signal Dispatcher" daemon [_thread_blocked, id=11500, stack(0x00000070c6400000,0x00000070c6500000)]
  0x0000022fce3b26c0 JavaThread "Attach Listener" daemon [_thread_blocked, id=8764, stack(0x00000070c6500000,0x00000070c6600000)]
  0x0000022fce3b3ed0 JavaThread "Service Thread" daemon [_thread_blocked, id=2500, stack(0x00000070c6600000,0x00000070c6700000)]
  0x0000023013c08090 JavaThread "Monitor Deflation Thread" daemon [_thread_blocked, id=14948, stack(0x00000070c6700000,0x00000070c6800000)]
=>0x0000023013c09a40 JavaThread "C2 CompilerThread0" daemon [_thread_in_native, id=9340, stack(0x00000070c6800000,0x00000070c6900000)]
  0x0000023013c31ff0 JavaThread "C1 CompilerThread0" daemon [_thread_blocked, id=15200, stack(0x00000070c6900000,0x00000070c6a00000)]
  0x0000023013d6ab20 JavaThread "Notification Thread" daemon [_thread_blocked, id=12924, stack(0x00000070c6a00000,0x00000070c6b00000)]
  0x0000023013d75400 JavaThread "Common-Cleaner" daemon [_thread_blocked, id=13816, stack(0x00000070c6c00000,0x00000070c6d00000)]
  0x0000023013fc4020 JavaThread "Java2D Disposer" daemon [_thread_blocked, id=7540, stack(0x00000070c6d00000,0x00000070c6e00000)]
  0x0000023013f6bb20 JavaThread "AWT-Shutdown" [_thread_blocked, id=11440, stack(0x00000070c6e00000,0x00000070c6f00000)]
  0x0000023013f6e8a0 JavaThread "AWT-Windows" daemon [_thread_in_native, id=7336, stack(0x00000070c6f00000,0x00000070c7000000)]
  0x0000023014a226f0 JavaThread "AWT-EventQueue-0" [_thread_blocked, id=4364, stack(0x00000070c7200000,0x00000070c7300000)]
  0x0000022fb173d5d0 JavaThread "DestroyJavaVM" [_thread_blocked, id=9328, stack(0x00000070c5b00000,0x00000070c5c00000)]
  0x0000023014c379d0 JavaThread "TimerQueue" daemon [_thread_blocked, id=3376, stack(0x00000070c7600000,0x00000070c7700000)]
  0x0000023013e622d0 JavaThread "Abandoned connection cleanup thread" daemon [_thread_blocked, id=10760, stack(0x00000070c7000000,0x00000070c7100000)]
  0x0000023015ffb530 JavaThread "Timer-0" [_thread_blocked, id=7424, stack(0x00000070c8000000,0x00000070c8100000)]

Other Threads:
  0x0000022fce389270 VMThread "VM Thread" [stack: 0x00000070c6100000,0x00000070c6200000] [id=8104]
  0x0000023013d6f4b0 WatcherThread "VM Periodic Task Thread" [stack: 0x00000070c6b00000,0x00000070c6c00000] [id=14672]
  0x0000022fb179df10 WorkerThread "GC Thread#0" [stack: 0x00000070c5c00000,0x00000070c5d00000] [id=10724]
  0x0000023014bae190 WorkerThread "GC Thread#1" [stack: 0x00000070c7100000,0x00000070c7200000] [id=6964]
  0x0000023014bad650 WorkerThread "GC Thread#2" [stack: 0x00000070c7800000,0x00000070c7900000] [id=14340]
  0x0000023014bae730 WorkerThread "GC Thread#3" [stack: 0x00000070c7900000,0x00000070c7a00000] [id=8800]
  0x0000023014bad920 WorkerThread "GC Thread#4" [stack: 0x00000070c7a00000,0x00000070c7b00000] [id=14560]
  0x0000023014badec0 WorkerThread "GC Thread#5" [stack: 0x00000070c7b00000,0x00000070c7c00000] [id=8588]
  0x0000023014bacde0 WorkerThread "GC Thread#6" [stack: 0x00000070c7c00000,0x00000070c7d00000] [id=8304]
  0x0000023014baea00 WorkerThread "GC Thread#7" [stack: 0x00000070c7d00000,0x00000070c7e00000] [id=7304]
  0x0000022fb17edd20 ConcurrentGCThread "G1 Main Marker" [stack: 0x00000070c5d00000,0x00000070c5e00000] [id=13780]
  0x0000022fb17f04c0 WorkerThread "G1 Conc#0" [stack: 0x00000070c5e00000,0x00000070c5f00000] [id=1420]
  0x0000022fce244da0 ConcurrentGCThread "G1 Refine#0" [stack: 0x00000070c5f00000,0x00000070c6000000] [id=6984]
  0x0000022fce2455f0 ConcurrentGCThread "G1 Service" [stack: 0x00000070c6000000,0x00000070c6100000] [id=10420]

Threads with active compile tasks:
C2 CompilerThread0   349031 5002       4       sun.java2d.marlin.DMarlinRenderingEngine::pathToLoop (534 bytes)

VM state: not at safepoint (normal execution)

VM Mutex/Monitor currently owned by a thread: None

Heap address: 0x0000000082800000, size: 2008 MB, Compressed Oops mode: 32-bit

CDS archive(s) mapped at: [0x0000022fcec00000-0x0000022fcf860000-0x0000022fcf860000), size 12976128, SharedBaseAddress: 0x0000022fcec00000, ArchiveRelocationMode: 1.
Compressed class space mapped at: 0x0000022fcfc00000-0x000002300fc00000, reserved size: 1073741824
Narrow klass base: 0x0000022fcec00000, Narrow klass shift: 0, Narrow klass range: 0x100000000

GC Precious Log:
 CardTable entry size: 512
 Card Set container configuration: InlinePtr #cards 5 size 8 Array Of Cards #cards 12 size 40 Howl #buckets 4 coarsen threshold 1843 Howl Bitmap #cards 512 size 80 coarsen threshold 460 Card regions per heap region 1 cards per card region 2048
 CPUs: 8 total, 8 available
 Memory: 8028M
 Large Page Support: Disabled
 NUMA Support: Disabled
 Compressed Oops: Enabled (32-bit)
 Heap Region Size: 1M
 Heap Min Capacity: 8M
 Heap Initial Capacity: 126M
 Heap Max Capacity: 2008M
 Pre-touch: Disabled
 Parallel Workers: 8
 Concurrent Workers: 2
 Concurrent Refinement Workers: 8
 Periodic GC: Disabled

Heap:
 garbage-first heap   total 129024K, used 54747K [0x0000000082800000, 0x0000000100000000)
  region size 1024K, 43 young (44032K), 4 survivors (4096K)
 Metaspace       used 19173K, committed 19456K, reserved 1114112K
  class space    used 2053K, committed 2176K, reserved 1048576K

Heap Regions: E=young(eden), S=young(survivor), O=old, HS=humongous(starts), HC=humongous(continues), CS=collection set, F=free, OA=open archive, CA=closed archive, TAMS=top-at-mark-start, PB=parsable bottom
|   0|0x0000000082800000, 0x0000000082800000, 0x0000000082900000|  0%| F|  |TAMS 0x0000000082800000| PB 0x0000000082800000| Untracked 
|   1|0x0000000082900000, 0x0000000082a00000, 0x0000000082a00000|100%|HS|  |TAMS 0x0000000082900000| PB 0x0000000082900000| Complete 
|   2|0x0000000082a00000, 0x0000000082b00000, 0x0000000082b00000|100%|HC|  |TAMS 0x0000000082a00000| PB 0x0000000082a00000| Complete 
|   3|0x0000000082b00000, 0x0000000082c00000, 0x0000000082c00000|100%|HC|  |TAMS 0x0000000082b00000| PB 0x0000000082b00000| Complete 
|   4|0x0000000082c00000, 0x0000000082d00000, 0x0000000082d00000|100%|HC|  |TAMS 0x0000000082c00000| PB 0x0000000082c00000| Complete 
|   5|0x0000000082d00000, 0x0000000082e00000, 0x0000000082e00000|100%|HC|  |TAMS 0x0000000082d00000| PB 0x0000000082d00000| Complete 
|   6|0x0000000082e00000, 0x0000000082f00000, 0x0000000082f00000|100%| O|  |TAMS 0x0000000082e00000| PB 0x0000000082e00000| Untracked 
|   7|0x0000000082f00000, 0x0000000083000000, 0x0000000083000000|100%| O|  |TAMS 0x0000000082f00000| PB 0x0000000082f00000| Untracked 
|   8|0x0000000083000000, 0x0000000083100000, 0x0000000083100000|100%| O|  |TAMS 0x0000000083000000| PB 0x0000000083000000| Untracked 
|   9|0x0000000083100000, 0x0000000083200000, 0x0000000083200000|100%| O|  |TAMS 0x0000000083100000| PB 0x0000000083100000| Untracked 
|  10|0x0000000083200000, 0x0000000083300000, 0x0000000083300000|100%| O|  |TAMS 0x0000000083200000| PB 0x0000000083200000| Untracked 
|  11|0x0000000083300000, 0x0000000083400000, 0x0000000083400000|100%| O|  |TAMS 0x0000000083300000| PB 0x0000000083300000| Untracked 
|  12|0x0000000083400000, 0x000000008349cc00, 0x0000000083500000| 61%| O|  |TAMS 0x0000000083400000| PB 0x0000000083400000| Untracked 
|  13|0x0000000083500000, 0x0000000083500000, 0x0000000083600000|  0%| F|  |TAMS 0x0000000083500000| PB 0x0000000083500000| Untracked 
|  14|0x0000000083600000, 0x0000000083600000, 0x0000000083700000|  0%| F|  |TAMS 0x0000000083600000| PB 0x0000000083600000| Untracked 
|  15|0x0000000083700000, 0x0000000083700000, 0x0000000083800000|  0%| F|  |TAMS 0x0000000083700000| PB 0x0000000083700000| Untracked 
|  16|0x0000000083800000, 0x0000000083800000, 0x0000000083900000|  0%| F|  |TAMS 0x0000000083800000| PB 0x0000000083800000| Untracked 
|  17|0x0000000083900000, 0x0000000083900000, 0x0000000083a00000|  0%| F|  |TAMS 0x0000000083900000| PB 0x0000000083900000| Untracked 
|  18|0x0000000083a00000, 0x0000000083a00000, 0x0000000083b00000|  0%| F|  |TAMS 0x0000000083a00000| PB 0x0000000083a00000| Untracked 
|  19|0x0000000083b00000, 0x0000000083b00000, 0x0000000083c00000|  0%| F|  |TAMS 0x0000000083b00000| PB 0x0000000083b00000| Untracked 
|  20|0x0000000083c00000, 0x0000000083c00000, 0x0000000083d00000|  0%| F|  |TAMS 0x0000000083c00000| PB 0x0000000083c00000| Untracked 
|  21|0x0000000083d00000, 0x0000000083d00000, 0x0000000083e00000|  0%| F|  |TAMS 0x0000000083d00000| PB 0x0000000083d00000| Untracked 
|  22|0x0000000083e00000, 0x0000000083e00000, 0x0000000083f00000|  0%| F|  |TAMS 0x0000000083e00000| PB 0x0000000083e00000| Untracked 
|  23|0x0000000083f00000, 0x0000000083f00000, 0x0000000084000000|  0%| F|  |TAMS 0x0000000083f00000| PB 0x0000000083f00000| Untracked 
|  24|0x0000000084000000, 0x0000000084000000, 0x0000000084100000|  0%| F|  |TAMS 0x0000000084000000| PB 0x0000000084000000| Untracked 
|  25|0x0000000084100000, 0x0000000084100000, 0x0000000084200000|  0%| F|  |TAMS 0x0000000084100000| PB 0x0000000084100000| Untracked 
|  26|0x0000000084200000, 0x0000000084200000, 0x0000000084300000|  0%| F|  |TAMS 0x0000000084200000| PB 0x0000000084200000| Untracked 
|  27|0x0000000084300000, 0x0000000084300000, 0x0000000084400000|  0%| F|  |TAMS 0x0000000084300000| PB 0x0000000084300000| Untracked 
|  28|0x0000000084400000, 0x0000000084400000, 0x0000000084500000|  0%| F|  |TAMS 0x0000000084400000| PB 0x0000000084400000| Untracked 
|  29|0x0000000084500000, 0x0000000084500000, 0x0000000084600000|  0%| F|  |TAMS 0x0000000084500000| PB 0x0000000084500000| Untracked 
|  30|0x0000000084600000, 0x0000000084600000, 0x0000000084700000|  0%| F|  |TAMS 0x0000000084600000| PB 0x0000000084600000| Untracked 
|  31|0x0000000084700000, 0x0000000084700000, 0x0000000084800000|  0%| F|  |TAMS 0x0000000084700000| PB 0x0000000084700000| Untracked 
|  32|0x0000000084800000, 0x0000000084800000, 0x0000000084900000|  0%| F|  |TAMS 0x0000000084800000| PB 0x0000000084800000| Untracked 
|  33|0x0000000084900000, 0x0000000084900000, 0x0000000084a00000|  0%| F|  |TAMS 0x0000000084900000| PB 0x0000000084900000| Untracked 
|  34|0x0000000084a00000, 0x0000000084a00000, 0x0000000084b00000|  0%| F|  |TAMS 0x0000000084a00000| PB 0x0000000084a00000| Untracked 
|  35|0x0000000084b00000, 0x0000000084b00000, 0x0000000084c00000|  0%| F|  |TAMS 0x0000000084b00000| PB 0x0000000084b00000| Untracked 
|  36|0x0000000084c00000, 0x0000000084c00000, 0x0000000084d00000|  0%| F|  |TAMS 0x0000000084c00000| PB 0x0000000084c00000| Untracked 
|  37|0x0000000084d00000, 0x0000000084d00000, 0x0000000084e00000|  0%| F|  |TAMS 0x0000000084d00000| PB 0x0000000084d00000| Untracked 
|  38|0x0000000084e00000, 0x0000000084e00000, 0x0000000084f00000|  0%| F|  |TAMS 0x0000000084e00000| PB 0x0000000084e00000| Untracked 
|  39|0x0000000084f00000, 0x0000000084f00000, 0x0000000085000000|  0%| F|  |TAMS 0x0000000084f00000| PB 0x0000000084f00000| Untracked 
|  40|0x0000000085000000, 0x0000000085000000, 0x0000000085100000|  0%| F|  |TAMS 0x0000000085000000| PB 0x0000000085000000| Untracked 
|  41|0x0000000085100000, 0x0000000085100000, 0x0000000085200000|  0%| F|  |TAMS 0x0000000085100000| PB 0x0000000085100000| Untracked 
|  42|0x0000000085200000, 0x0000000085200000, 0x0000000085300000|  0%| F|  |TAMS 0x0000000085200000| PB 0x0000000085200000| Untracked 
|  43|0x0000000085300000, 0x0000000085300000, 0x0000000085400000|  0%| F|  |TAMS 0x0000000085300000| PB 0x0000000085300000| Untracked 
|  44|0x0000000085400000, 0x0000000085400000, 0x0000000085500000|  0%| F|  |TAMS 0x0000000085400000| PB 0x0000000085400000| Untracked 
|  45|0x0000000085500000, 0x0000000085500000, 0x0000000085600000|  0%| F|  |TAMS 0x0000000085500000| PB 0x0000000085500000| Untracked 
|  46|0x0000000085600000, 0x0000000085600000, 0x0000000085700000|  0%| F|  |TAMS 0x0000000085600000| PB 0x0000000085600000| Untracked 
|  47|0x0000000085700000, 0x0000000085700000, 0x0000000085800000|  0%| F|  |TAMS 0x0000000085700000| PB 0x0000000085700000| Untracked 
|  48|0x0000000085800000, 0x0000000085800000, 0x0000000085900000|  0%| F|  |TAMS 0x0000000085800000| PB 0x0000000085800000| Untracked 
|  49|0x0000000085900000, 0x0000000085900000, 0x0000000085a00000|  0%| F|  |TAMS 0x0000000085900000| PB 0x0000000085900000| Untracked 
|  50|0x0000000085a00000, 0x0000000085a00000, 0x0000000085b00000|  0%| F|  |TAMS 0x0000000085a00000| PB 0x0000000085a00000| Untracked 
|  51|0x0000000085b00000, 0x0000000085b00000, 0x0000000085c00000|  0%| F|  |TAMS 0x0000000085b00000| PB 0x0000000085b00000| Untracked 
|  52|0x0000000085c00000, 0x0000000085c00000, 0x0000000085d00000|  0%| F|  |TAMS 0x0000000085c00000| PB 0x0000000085c00000| Untracked 
|  53|0x0000000085d00000, 0x0000000085d00000, 0x0000000085e00000|  0%| F|  |TAMS 0x0000000085d00000| PB 0x0000000085d00000| Untracked 
|  54|0x0000000085e00000, 0x0000000085e00000, 0x0000000085f00000|  0%| F|  |TAMS 0x0000000085e00000| PB 0x0000000085e00000| Untracked 
|  55|0x0000000085f00000, 0x0000000085f00000, 0x0000000086000000|  0%| F|  |TAMS 0x0000000085f00000| PB 0x0000000085f00000| Untracked 
|  56|0x0000000086000000, 0x0000000086000000, 0x0000000086100000|  0%| F|  |TAMS 0x0000000086000000| PB 0x0000000086000000| Untracked 
|  57|0x0000000086100000, 0x0000000086100000, 0x0000000086200000|  0%| F|  |TAMS 0x0000000086100000| PB 0x0000000086100000| Untracked 
|  58|0x0000000086200000, 0x0000000086200000, 0x0000000086300000|  0%| F|  |TAMS 0x0000000086200000| PB 0x0000000086200000| Untracked 
|  59|0x0000000086300000, 0x0000000086300000, 0x0000000086400000|  0%| F|  |TAMS 0x0000000086300000| PB 0x0000000086300000| Untracked 
|  60|0x0000000086400000, 0x0000000086400000, 0x0000000086500000|  0%| F|  |TAMS 0x0000000086400000| PB 0x0000000086400000| Untracked 
|  61|0x0000000086500000, 0x0000000086500000, 0x0000000086600000|  0%| F|  |TAMS 0x0000000086500000| PB 0x0000000086500000| Untracked 
|  62|0x0000000086600000, 0x0000000086600000, 0x0000000086700000|  0%| F|  |TAMS 0x0000000086600000| PB 0x0000000086600000| Untracked 
|  63|0x0000000086700000, 0x0000000086700000, 0x0000000086800000|  0%| F|  |TAMS 0x0000000086700000| PB 0x0000000086700000| Untracked 
|  64|0x0000000086800000, 0x0000000086800000, 0x0000000086900000|  0%| F|  |TAMS 0x0000000086800000| PB 0x0000000086800000| Untracked 
|  65|0x0000000086900000, 0x0000000086900000, 0x0000000086a00000|  0%| F|  |TAMS 0x0000000086900000| PB 0x0000000086900000| Untracked 
|  66|0x0000000086a00000, 0x0000000086a00000, 0x0000000086b00000|  0%| F|  |TAMS 0x0000000086a00000| PB 0x0000000086a00000| Untracked 
|  67|0x0000000086b00000, 0x0000000086b00000, 0x0000000086c00000|  0%| F|  |TAMS 0x0000000086b00000| PB 0x0000000086b00000| Untracked 
|  68|0x0000000086c00000, 0x0000000086c00000, 0x0000000086d00000|  0%| F|  |TAMS 0x0000000086c00000| PB 0x0000000086c00000| Untracked 
|  69|0x0000000086d00000, 0x0000000086d00000, 0x0000000086e00000|  0%| F|  |TAMS 0x0000000086d00000| PB 0x0000000086d00000| Untracked 
|  70|0x0000000086e00000, 0x0000000086e00000, 0x0000000086f00000|  0%| F|  |TAMS 0x0000000086e00000| PB 0x0000000086e00000| Untracked 
|  71|0x0000000086f00000, 0x0000000086f00000, 0x0000000087000000|  0%| F|  |TAMS 0x0000000086f00000| PB 0x0000000086f00000| Untracked 
|  72|0x0000000087000000, 0x0000000087000000, 0x0000000087100000|  0%| F|  |TAMS 0x0000000087000000| PB 0x0000000087000000| Untracked 
|  73|0x0000000087100000, 0x0000000087100000, 0x0000000087200000|  0%| F|  |TAMS 0x0000000087100000| PB 0x0000000087100000| Untracked 
|  74|0x0000000087200000, 0x0000000087200000, 0x0000000087300000|  0%| F|  |TAMS 0x0000000087200000| PB 0x0000000087200000| Untracked 
|  75|0x0000000087300000, 0x0000000087300000, 0x0000000087400000|  0%| F|  |TAMS 0x0000000087300000| PB 0x0000000087300000| Untracked 
|  76|0x0000000087400000, 0x0000000087400000, 0x0000000087500000|  0%| F|  |TAMS 0x0000000087400000| PB 0x0000000087400000| Untracked 
|  77|0x0000000087500000, 0x0000000087500000, 0x0000000087600000|  0%| F|  |TAMS 0x0000000087500000| PB 0x0000000087500000| Untracked 
|  78|0x0000000087600000, 0x0000000087600000, 0x0000000087700000|  0%| F|  |TAMS 0x0000000087600000| PB 0x0000000087600000| Untracked 
|  79|0x0000000087700000, 0x0000000087700000, 0x0000000087800000|  0%| F|  |TAMS 0x0000000087700000| PB 0x0000000087700000| Untracked 
|  80|0x0000000087800000, 0x0000000087800000, 0x0000000087900000|  0%| F|  |TAMS 0x0000000087800000| PB 0x0000000087800000| Untracked 
|  81|0x0000000087900000, 0x0000000087900000, 0x0000000087a00000|  0%| F|  |TAMS 0x0000000087900000| PB 0x0000000087900000| Untracked 
|  82|0x0000000087a00000, 0x0000000087a00000, 0x0000000087b00000|  0%| F|  |TAMS 0x0000000087a00000| PB 0x0000000087a00000| Untracked 
|  83|0x0000000087b00000, 0x0000000087b776a0, 0x0000000087c00000| 46%| E|  |TAMS 0x0000000087b00000| PB 0x0000000087b00000| Complete 
|  84|0x0000000087c00000, 0x0000000087d00000, 0x0000000087d00000|100%| E|CS|TAMS 0x0000000087c00000| PB 0x0000000087c00000| Complete 
|  85|0x0000000087d00000, 0x0000000087e00000, 0x0000000087e00000|100%| E|CS|TAMS 0x0000000087d00000| PB 0x0000000087d00000| Complete 
|  86|0x0000000087e00000, 0x0000000087f00000, 0x0000000087f00000|100%| E|CS|TAMS 0x0000000087e00000| PB 0x0000000087e00000| Complete 
|  87|0x0000000087f00000, 0x0000000088000000, 0x0000000088000000|100%| E|CS|TAMS 0x0000000087f00000| PB 0x0000000087f00000| Complete 
|  88|0x0000000088000000, 0x0000000088100000, 0x0000000088100000|100%| E|CS|TAMS 0x0000000088000000| PB 0x0000000088000000| Complete 
|  89|0x0000000088100000, 0x0000000088200000, 0x0000000088200000|100%| E|CS|TAMS 0x0000000088100000| PB 0x0000000088100000| Complete 
|  90|0x0000000088200000, 0x0000000088300000, 0x0000000088300000|100%| E|CS|TAMS 0x0000000088200000| PB 0x0000000088200000| Complete 
|  91|0x0000000088300000, 0x0000000088400000, 0x0000000088400000|100%| E|CS|TAMS 0x0000000088300000| PB 0x0000000088300000| Complete 
|  92|0x0000000088400000, 0x0000000088500000, 0x0000000088500000|100%| E|CS|TAMS 0x0000000088400000| PB 0x0000000088400000| Complete 
|  93|0x0000000088500000, 0x0000000088600000, 0x0000000088600000|100%| E|CS|TAMS 0x0000000088500000| PB 0x0000000088500000| Complete 
|  94|0x0000000088600000, 0x00000000886da340, 0x0000000088700000| 85%| S|CS|TAMS 0x0000000088600000| PB 0x0000000088600000| Complete 
|  95|0x0000000088700000, 0x0000000088800000, 0x0000000088800000|100%| S|CS|TAMS 0x0000000088700000| PB 0x0000000088700000| Complete 
|  96|0x0000000088800000, 0x0000000088900000, 0x0000000088900000|100%| S|CS|TAMS 0x0000000088800000| PB 0x0000000088800000| Complete 
|  97|0x0000000088900000, 0x0000000088a00000, 0x0000000088a00000|100%| S|CS|TAMS 0x0000000088900000| PB 0x0000000088900000| Complete 
|  98|0x0000000088a00000, 0x0000000088b00000, 0x0000000088b00000|100%| E|CS|TAMS 0x0000000088a00000| PB 0x0000000088a00000| Complete 
|  99|0x0000000088b00000, 0x0000000088c00000, 0x0000000088c00000|100%| E|CS|TAMS 0x0000000088b00000| PB 0x0000000088b00000| Complete 
| 100|0x0000000088c00000, 0x0000000088d00000, 0x0000000088d00000|100%| E|CS|TAMS 0x0000000088c00000| PB 0x0000000088c00000| Complete 
| 101|0x0000000088d00000, 0x0000000088e00000, 0x0000000088e00000|100%| E|CS|TAMS 0x0000000088d00000| PB 0x0000000088d00000| Complete 
| 102|0x0000000088e00000, 0x0000000088f00000, 0x0000000088f00000|100%| E|CS|TAMS 0x0000000088e00000| PB 0x0000000088e00000| Complete 
| 103|0x0000000088f00000, 0x0000000089000000, 0x0000000089000000|100%| E|CS|TAMS 0x0000000088f00000| PB 0x0000000088f00000| Complete 
| 104|0x0000000089000000, 0x0000000089100000, 0x0000000089100000|100%| E|CS|TAMS 0x0000000089000000| PB 0x0000000089000000| Complete 
| 105|0x0000000089100000, 0x0000000089200000, 0x0000000089200000|100%| E|CS|TAMS 0x0000000089100000| PB 0x0000000089100000| Complete 
| 106|0x0000000089200000, 0x0000000089300000, 0x0000000089300000|100%| E|CS|TAMS 0x0000000089200000| PB 0x0000000089200000| Complete 
| 107|0x0000000089300000, 0x0000000089400000, 0x0000000089400000|100%| E|CS|TAMS 0x0000000089300000| PB 0x0000000089300000| Complete 
| 108|0x0000000089400000, 0x0000000089500000, 0x0000000089500000|100%| E|CS|TAMS 0x0000000089400000| PB 0x0000000089400000| Complete 
| 109|0x0000000089500000, 0x0000000089600000, 0x0000000089600000|100%| E|CS|TAMS 0x0000000089500000| PB 0x0000000089500000| Complete 
| 110|0x0000000089600000, 0x0000000089700000, 0x0000000089700000|100%| E|CS|TAMS 0x0000000089600000| PB 0x0000000089600000| Complete 
| 111|0x0000000089700000, 0x0000000089800000, 0x0000000089800000|100%| E|CS|TAMS 0x0000000089700000| PB 0x0000000089700000| Complete 
| 112|0x0000000089800000, 0x0000000089900000, 0x0000000089900000|100%| E|CS|TAMS 0x0000000089800000| PB 0x0000000089800000| Complete 
| 113|0x0000000089900000, 0x0000000089a00000, 0x0000000089a00000|100%| E|CS|TAMS 0x0000000089900000| PB 0x0000000089900000| Complete 
| 114|0x0000000089a00000, 0x0000000089b00000, 0x0000000089b00000|100%| E|CS|TAMS 0x0000000089a00000| PB 0x0000000089a00000| Complete 
| 115|0x0000000089b00000, 0x0000000089c00000, 0x0000000089c00000|100%| E|CS|TAMS 0x0000000089b00000| PB 0x0000000089b00000| Complete 
| 116|0x0000000089c00000, 0x0000000089d00000, 0x0000000089d00000|100%| E|CS|TAMS 0x0000000089c00000| PB 0x0000000089c00000| Complete 
| 117|0x0000000089d00000, 0x0000000089e00000, 0x0000000089e00000|100%| E|CS|TAMS 0x0000000089d00000| PB 0x0000000089d00000| Complete 
| 118|0x0000000089e00000, 0x0000000089f00000, 0x0000000089f00000|100%| E|CS|TAMS 0x0000000089e00000| PB 0x0000000089e00000| Complete 
| 119|0x0000000089f00000, 0x000000008a000000, 0x000000008a000000|100%| E|CS|TAMS 0x0000000089f00000| PB 0x0000000089f00000| Complete 
| 120|0x000000008a000000, 0x000000008a100000, 0x000000008a100000|100%| E|CS|TAMS 0x000000008a000000| PB 0x000000008a000000| Complete 
| 121|0x000000008a100000, 0x000000008a200000, 0x000000008a200000|100%| E|CS|TAMS 0x000000008a100000| PB 0x000000008a100000| Complete 
| 122|0x000000008a200000, 0x000000008a300000, 0x000000008a300000|100%| E|CS|TAMS 0x000000008a200000| PB 0x000000008a200000| Complete 
| 123|0x000000008a300000, 0x000000008a400000, 0x000000008a400000|100%| E|CS|TAMS 0x000000008a300000| PB 0x000000008a300000| Complete 
| 124|0x000000008a400000, 0x000000008a500000, 0x000000008a500000|100%| E|CS|TAMS 0x000000008a400000| PB 0x000000008a400000| Complete 
| 125|0x000000008a500000, 0x000000008a600000, 0x000000008a600000|100%| E|CS|TAMS 0x000000008a500000| PB 0x000000008a500000| Complete 

Card table byte_map: [0x0000022fc9750000,0x0000022fc9b40000] _byte_map_base: 0x0000022fc933c000

Marking Bits: (CMBitMap*) 0x0000022fb179f460
 Bits: [0x0000022fc9f30000, 0x0000022fcbe90000)

Polling page: 0x0000022faff00000

Metaspace:

Usage:
  Non-class:     16.72 MB used.
      Class:      2.01 MB used.
       Both:     18.72 MB used.

Virtual space:
  Non-class space:       64.00 MB reserved,      16.88 MB ( 26%) committed,  1 nodes.
      Class space:        1.00 GB reserved,       2.12 MB ( <1%) committed,  1 nodes.
             Both:        1.06 GB reserved,      19.00 MB (  2%) committed. 

Chunk freelists:
   Non-Class:  2.64 MB
       Class:  1.89 MB
        Both:  4.53 MB

MaxMetaspaceSize: unlimited
CompressedClassSpaceSize: 1.00 GB
Initial GC threshold: 21.00 MB
Current GC threshold: 21.00 MB
CDS: on
MetaspaceReclaimPolicy: balanced
 - commit_granule_bytes: 65536.
 - commit_granule_words: 8192.
 - virtual_space_node_default_size: 8388608.
 - enlarge_chunks_in_place: 1.
 - new_chunks_are_fully_committed: 0.
 - uncommit_free_chunks: 1.
 - use_allocation_guard: 0.


Internal statistics:

num_allocs_failed_limit: 0.
num_arena_births: 280.
num_arena_deaths: 0.
num_vsnodes_births: 2.
num_vsnodes_deaths: 0.
num_space_committed: 304.
num_space_uncommitted: 0.
num_chunks_returned_to_freelist: 0.
num_chunks_taken_from_freelist: 524.
num_chunk_merges: 0.
num_chunk_splits: 327.
num_chunks_enlarged: 189.
num_inconsistent_stats: 0.

CodeHeap 'non-profiled nmethods': size=120000Kb used=2727Kb max_used=2727Kb free=117272Kb
 bounds [0x0000022fc13d0000, 0x0000022fc1680000, 0x0000022fc8900000]
CodeHeap 'profiled nmethods': size=120000Kb used=10077Kb max_used=10077Kb free=109923Kb
 bounds [0x0000022fb9900000, 0x0000022fba2e0000, 0x0000022fc0e30000]
CodeHeap 'non-nmethods': size=5760Kb used=1795Kb max_used=1847Kb free=3964Kb
 bounds [0x0000022fc0e30000, 0x0000022fc10a0000, 0x0000022fc13d0000]
 total_blobs=5774 nmethods=5001 adapters=681
 compilation: enabled
              stopped_count=0, restarted_count=0
 full_count=0

Compilation events (20 events):
Event: 333.200 Thread 0x0000023013c09a40 nmethod 4992 0x0000022fc166a310 code [0x0000022fc166a7a0, 0x0000022fc1671368]
Event: 336.971 Thread 0x0000023013c09a40 4993       4       sun.java2d.Disposer::addRecord (17 bytes)
Event: 336.972 Thread 0x0000023013c09a40 nmethod 4993 0x0000022fc1674090 code [0x0000022fc1674220, 0x0000022fc1674350]
Event: 336.972 Thread 0x0000023013c09a40 4994       4       sun.java2d.SurfaceData::<init> (36 bytes)
Event: 336.976 Thread 0x0000023013c09a40 nmethod 4994 0x0000022fc1674490 code [0x0000022fc1674600, 0x0000022fc1674a98]
Event: 337.970 Thread 0x0000023013c09a40 4995       4       com.sun.java.swing.plaf.windows.WindowsLookAndFeel$XPValue::createValue (38 bytes)
Event: 337.972 Thread 0x0000023013c09a40 nmethod 4995 0x0000022fc1674b90 code [0x0000022fc1674d40, 0x0000022fc1675060]
Event: 339.971 Thread 0x0000023013c09a40 4996       4       sun.awt.image.BufImgSurfaceData::createDataIC (75 bytes)
Event: 339.982 Thread 0x0000023013c09a40 nmethod 4996 0x0000022fc1675290 code [0x0000022fc1675440, 0x0000022fc1675c68]
Event: 340.970 Thread 0x0000023013c09a40 4997       4       java.awt.image.BufferedImage::<init> (1021 bytes)
Event: 340.988 Thread 0x0000023013c09a40 nmethod 4997 0x0000022fc1676090 code [0x0000022fc1676260, 0x0000022fc1676c40]
Event: 340.988 Thread 0x0000023013c09a40 4998       4       sun.awt.image.BufImgSurfaceData::createData (909 bytes)
Event: 341.001 Thread 0x0000023013c09a40 nmethod 4998 0x0000022fc1677810 code [0x0000022fc16779e0, 0x0000022fc1678568]
Event: 341.970 Thread 0x0000023013c31ff0 4999       3       sun.awt.geom.CurveLink::absorb (104 bytes)
Event: 341.971 Thread 0x0000023013c31ff0 nmethod 4999 0x0000022fba2d6310 code [0x0000022fba2d6520, 0x0000022fba2d6d40]
Event: 342.972 Thread 0x0000023013c09a40 5000 %     4       sun.java2d.pipe.Region::appendSpans @ 5 (33 bytes)
Event: 342.985 Thread 0x0000023013c09a40 nmethod 5000% 0x0000022fc1678b90 code [0x0000022fc1678d60, 0x0000022fc1679688]
Event: 343.969 Thread 0x0000023013c31ff0 5001       3       javax.swing.JComponent$$Lambda$112/0x0000022fcfcb5a68::<init> (10 bytes)
Event: 343.969 Thread 0x0000023013c31ff0 nmethod 5001 0x0000022fba2d7010 code [0x0000022fba2d71a0, 0x0000022fba2d7358]
Event: 345.970 Thread 0x0000023013c09a40 5002       4       sun.java2d.marlin.DMarlinRenderingEngine::pathToLoop (534 bytes)

GC Heap History (4 events):
Event: 13.921 GC heap before
{Heap before GC invocations=0 (full 0):
 garbage-first heap   total 129024K, used 28672K [0x0000000082800000, 0x0000000100000000)
  region size 1024K, 23 young (23552K), 0 survivors (0K)
 Metaspace       used 15586K, committed 15872K, reserved 1114112K
  class space    used 1750K, committed 1856K, reserved 1048576K
}
Event: 13.927 GC heap after
{Heap after GC invocations=1 (full 0):
 garbage-first heap   total 129024K, used 12736K [0x0000000082800000, 0x0000000100000000)
  region size 1024K, 3 young (3072K), 3 survivors (3072K)
 Metaspace       used 15586K, committed 15872K, reserved 1114112K
  class space    used 1750K, committed 1856K, reserved 1048576K
}
Event: 59.332 GC heap before
{Heap before GC invocations=1 (full 0):
 garbage-first heap   total 129024K, used 37312K [0x0000000082800000, 0x0000000100000000)
  region size 1024K, 28 young (28672K), 3 survivors (3072K)
 Metaspace       used 18402K, committed 18688K, reserved 1114112K
  class space    used 2002K, committed 2112K, reserved 1048576K
}
Event: 59.336 GC heap after
{Heap after GC invocations=2 (full 0):
 garbage-first heap   total 129024K, used 15835K [0x0000000082800000, 0x0000000100000000)
  region size 1024K, 4 young (4096K), 4 survivors (4096K)
 Metaspace       used 18402K, committed 18688K, reserved 1114112K
  class space    used 2002K, committed 2112K, reserved 1048576K
}

Dll operation events (11 events):
Event: 0.005 Loaded shared library C:\Program Files\Java\jdk-20\bin\java.dll
Event: 0.018 Loaded shared library C:\Program Files\Java\jdk-20\bin\jsvml.dll
Event: 0.040 Loaded shared library C:\Program Files\Java\jdk-20\bin\net.dll
Event: 0.041 Loaded shared library C:\Program Files\Java\jdk-20\bin\nio.dll
Event: 0.045 Loaded shared library C:\Program Files\Java\jdk-20\bin\zip.dll
Event: 0.072 Loaded shared library C:\Program Files\Java\jdk-20\bin\jimage.dll
Event: 0.075 Loaded shared library C:\Program Files\Java\jdk-20\bin\awt.dll
Event: 0.181 Loaded shared library C:\Program Files\Java\jdk-20\bin\freetype.dll
Event: 0.182 Loaded shared library C:\Program Files\Java\jdk-20\bin\fontmanager.dll
Event: 9.364 Loaded shared library C:\Program Files\Java\jdk-20\bin\verify.dll
Event: 9.485 Loaded shared library C:\Program Files\Java\jdk-20\bin\extnet.dll

Deoptimization events (20 events):
Event: 151.556 Thread 0x0000023014a226f0 Uncommon trap: trap_request=0xffffff45 fr.pc=0x0000022fc14fb07c relative=0x000000000000025c
Event: 151.556 Thread 0x0000023014a226f0 Uncommon trap: reason=unstable_if action=reinterpret pc=0x0000022fc14fb07c method=sun.font.CMap$CMapFormat4.getGlyph(I)C @ 102 c2
Event: 151.556 Thread 0x0000023014a226f0 DEOPT PACKING pc=0x0000022fc14fb07c sp=0x00000070c72fd980
Event: 151.556 Thread 0x0000023014a226f0 DEOPT UNPACKING pc=0x0000022fc0e99d22 sp=0x00000070c72fd8d8 mode 2
Event: 153.254 Thread 0x0000023014a226f0 DEOPT PACKING pc=0x0000022fb9f3b838 sp=0x00000070c72fdfd0
Event: 153.254 Thread 0x0000023014a226f0 DEOPT UNPACKING pc=0x0000022fc0e9a4c2 sp=0x00000070c72fd4b8 mode 3
Event: 177.676 Thread 0x0000023014a226f0 DEOPT PACKING pc=0x0000022fb9ec272c sp=0x00000070c72fdff0
Event: 177.676 Thread 0x0000023014a226f0 DEOPT UNPACKING pc=0x0000022fc0e9a4c2 sp=0x00000070c72fd490 mode 0
Event: 213.970 Thread 0x0000023014a226f0 Uncommon trap: trap_request=0xffffff45 fr.pc=0x0000022fc15911dc relative=0x00000000000014dc
Event: 213.970 Thread 0x0000023014a226f0 Uncommon trap: reason=unstable_if action=reinterpret pc=0x0000022fc15911dc method=sun.awt.GlobalCursorManager._updateCursor(Z)V @ 37 c2
Event: 213.971 Thread 0x0000023014a226f0 DEOPT PACKING pc=0x0000022fc15911dc sp=0x00000070c72fe9e0
Event: 213.971 Thread 0x0000023014a226f0 DEOPT UNPACKING pc=0x0000022fc0e99d22 sp=0x00000070c72fe9e0 mode 2
Event: 248.970 Thread 0x0000023015ffb530 Uncommon trap: trap_request=0xffffffcc fr.pc=0x0000022fc15ee6a4 relative=0x0000000000000384
Event: 248.970 Thread 0x0000023015ffb530 Uncommon trap: reason=intrinsic_or_type_checked_inlining action=make_not_entrant pc=0x0000022fc15ee6a4 method=java.util.Arrays.copyOf([Ljava/lang/Object;ILjava/lang/Class;)[Ljava/lang/Object; @ 35 c2
Event: 248.970 Thread 0x0000023015ffb530 DEOPT PACKING pc=0x0000022fc15ee6a4 sp=0x00000070c80ff020
Event: 248.970 Thread 0x0000023015ffb530 DEOPT UNPACKING pc=0x0000022fc0e99d22 sp=0x00000070c80fefb0 mode 2
Event: 306.568 Thread 0x0000023014a226f0 Uncommon trap: trap_request=0xffffff45 fr.pc=0x0000022fc1586f10 relative=0x0000000000005bf0
Event: 306.568 Thread 0x0000023014a226f0 Uncommon trap: reason=unstable_if action=reinterpret pc=0x0000022fc1586f10 method=sun.awt.GlobalCursorManager._updateCursor(Z)V @ 37 c2
Event: 306.568 Thread 0x0000023014a226f0 DEOPT PACKING pc=0x0000022fc1586f10 sp=0x00000070c72feb70
Event: 306.568 Thread 0x0000023014a226f0 DEOPT UNPACKING pc=0x0000022fc0e99d22 sp=0x00000070c72fe950 mode 2

Classes loaded (20 events):
Event: 59.308 Loading class java/text/ParsePosition
Event: 59.308 Loading class java/text/ParsePosition done
Event: 59.308 Loading class java/time/format/DateTimeParseContext
Event: 59.308 Loading class java/time/format/DateTimeParseContext done
Event: 59.308 Loading class java/time/format/Parsed
Event: 59.308 Loading class java/time/format/Parsed done
Event: 59.314 Loading class java/math/BigDecimal$StringBuilderHelper
Event: 59.315 Loading class java/math/BigDecimal$StringBuilderHelper done
Event: 59.315 Loading class java/text/DigitList$1
Event: 59.315 Loading class java/text/DigitList$1 done
Event: 59.315 Loading class java/math/MutableBigInteger
Event: 59.316 Loading class java/math/MutableBigInteger done
Event: 151.556 Loading class sun/font/CMap$CMapFormat12
Event: 151.556 Loading class sun/font/CMap$CMapFormat12 done
Event: 153.253 Loading class com/sun/java/swing/plaf/windows/WindowsComboBoxUI$WindowsComboBoxRenderer$WindowsComboBoxDashedBorder
Event: 153.253 Loading class com/sun/java/swing/plaf/windows/WindowsComboBoxUI$WindowsComboBoxRenderer$WindowsComboBoxDashedBorder done
Event: 285.355 Loading class sun/awt/windows/WInputMethod$1
Event: 285.356 Loading class sun/awt/windows/WInputMethod$1 done
Event: 285.356 Loading class java/awt/font/TextHitInfo
Event: 285.356 Loading class java/awt/font/TextHitInfo done

Classes unloaded (0 events):
No events

Classes redefined (0 events):
No events

Internal exceptions (20 events):
Event: 9.379 Thread 0x0000023014a226f0 Exception <a 'java/lang/NoSuchMethodError'{0x0000000089a0cc18}: 'java.lang.Object java.lang.invoke.DirectMethodHandle$Holder.invokeInterface(java.lang.Object, java.lang.Object)'> (0x0000000089a0cc18) 
thrown [s\open\src\hotspot\share\interpreter\linkResolver.cpp, line 773]
Event: 9.421 Thread 0x0000023014a226f0 Exception <a 'java/lang/NoSuchMethodError'{0x00000000899a4d28}: 'java.lang.Object java.lang.invoke.DirectMethodHandle$Holder.newInvokeSpecial(java.lang.Object, java.lang.Object, int, java.lang.Object, java.lang.Object, java.lang.Object)'> (0x00000000899a4d28) 
thrown [s\open\src\hotspot\share\interpreter\linkResolver.cpp, line 773]
Event: 9.422 Thread 0x0000023014a226f0 Exception <a 'java/lang/NoSuchMethodError'{0x00000000899a9fb0}: 'int java.lang.invoke.DirectMethodHandle$Holder.invokeSpecial(java.lang.Object, java.lang.Object, java.lang.Object, int)'> (0x00000000899a9fb0) 
thrown [s\open\src\hotspot\share\interpreter\linkResolver.cpp, line 773]
Event: 9.423 Thread 0x0000023014a226f0 Exception <a 'java/lang/NoSuchMethodError'{0x00000000899bc6b8}: 'java.lang.Object java.lang.invoke.DirectMethodHandle$Holder.invokeStatic(java.lang.Object, java.lang.Object, java.lang.Object, java.lang.Object, int)'> (0x00000000899bc6b8) 
thrown [s\open\src\hotspot\share\interpreter\linkResolver.cpp, line 773]
Event: 9.423 Thread 0x0000023014a226f0 Exception <a 'java/lang/NoSuchMethodError'{0x00000000899c7790}: 'java.lang.Object java.lang.invoke.DelegatingMethodHandle$Holder.reinvoke_L(java.lang.Object, java.lang.Object, int, java.lang.Object, java.lang.Object, java.lang.Object)'> (0x00000000899c7790) 
thrown [s\open\src\hotspot\share\interpreter\linkResolver.cpp, line 773]
Event: 9.424 Thread 0x0000023014a226f0 Exception <a 'java/lang/NoSuchMethodError'{0x00000000899cb7f8}: 'int java.lang.invoke.DirectMethodHandle$Holder.invokeSpecial(java.lang.Object, java.lang.Object, java.lang.Object)'> (0x00000000899cb7f8) 
thrown [s\open\src\hotspot\share\interpreter\linkResolver.cpp, line 773]
Event: 9.425 Thread 0x0000023014a226f0 Exception <a 'java/lang/NoSuchMethodError'{0x00000000899de310}: 'java.lang.Object java.lang.invoke.DirectMethodHandle$Holder.invokeStatic(java.lang.Object, java.lang.Object, int)'> (0x00000000899de310) 
thrown [s\open\src\hotspot\share\interpreter\linkResolver.cpp, line 773]
Event: 9.425 Thread 0x0000023014a226f0 Exception <a 'java/lang/NoSuchMethodError'{0x00000000899e8ff0}: 'void java.lang.invoke.DelegatingMethodHandle$Holder.delegate(java.lang.Object, java.lang.Object, int, java.lang.Object)'> (0x00000000899e8ff0) 
thrown [s\open\src\hotspot\share\interpreter\linkResolver.cpp, line 773]
Event: 9.487 Thread 0x0000023014a226f0 Exception <a 'java/lang/NoSuchMethodError'{0x00000000897de5f0}: 'void java.lang.invoke.DirectMethodHandle$Holder.invokeStatic(java.lang.Object, java.lang.Object)'> (0x00000000897de5f0) 
thrown [s\open\src\hotspot\share\interpreter\linkResolver.cpp, line 773]
Event: 9.537 Thread 0x0000023014a226f0 Exception <a 'java/lang/NoSuchMethodError'{0x000000008966aeb0}: 'java.lang.Object java.lang.invoke.DirectMethodHandle$Holder.newInvokeSpecial(java.lang.Object, java.lang.Object, java.lang.Object, java.lang.Object, java.lang.Object, java.lang.Object)'> (0x000000008966aeb0) 
thrown [s\open\src\hotspot\share\interpreter\linkResolver.cpp, line 773]
Event: 9.551 Thread 0x0000023014a226f0 Exception <a 'java/lang/NoSuchMethodError'{0x00000000896f2ed0}: 'long java.lang.invoke.DirectMethodHandle$Holder.invokeStatic(java.lang.Object, java.lang.Object, int)'> (0x00000000896f2ed0) 
thrown [s\open\src\hotspot\share\interpreter\linkResolver.cpp, line 773]
Event: 9.552 Thread 0x0000023014a226f0 Exception <a 'java/lang/NoSuchMethodError'{0x00000000896fd4f8}: 'java.lang.Object java.lang.invoke.DelegatingMethodHandle$Holder.reinvoke_L(java.lang.Object, long, long, java.lang.Object, java.lang.Object)'> (0x00000000896fd4f8) 
thrown [s\open\src\hotspot\share\interpreter\linkResolver.cpp, line 773]
Event: 9.602 Thread 0x0000023014a226f0 Exception <a 'java/lang/NoSuchMethodError'{0x0000000089529270}: 'java.lang.Object java.lang.invoke.DirectMethodHandle$Holder.newInvokeSpecial(java.lang.Object, java.lang.Object, java.lang.Object, int)'> (0x0000000089529270) 
thrown [s\open\src\hotspot\share\interpreter\linkResolver.cpp, line 773]
Event: 9.603 Thread 0x0000023014a226f0 Exception <a 'java/lang/NoSuchMethodError'{0x000000008952d250}: 'java.lang.Object java.lang.invoke.DirectMethodHandle$Holder.invokeSpecial(java.lang.Object, java.lang.Object, java.lang.Object, java.lang.Object, int)'> (0x000000008952d250) 
thrown [s\open\src\hotspot\share\interpreter\linkResolver.cpp, line 773]
Event: 9.603 Thread 0x0000023014a226f0 Exception <a 'java/lang/NoSuchMethodError'{0x0000000089537dd8}: 'java.lang.Object java.lang.invoke.Invokers$Holder.invokeExact_MT(java.lang.Object, java.lang.Object, java.lang.Object, java.lang.Object, java.lang.Object)'> (0x0000000089537dd8) 
thrown [s\open\src\hotspot\share\interpreter\linkResolver.cpp, line 773]
Event: 11.020 Thread 0x0000023014a226f0 Exception <a 'java/lang/NoSuchMethodError'{0x00000000892a87d8}: 'void java.lang.invoke.DirectMethodHandle$Holder.invokeStatic(java.lang.Object, java.lang.Object, java.lang.Object)'> (0x00000000892a87d8) 
thrown [s\open\src\hotspot\share\interpreter\linkResolver.cpp, line 773]
Event: 18.429 Thread 0x0000023014a226f0 Exception <a 'java/lang/NoSuchMethodError'{0x000000008a2ac668}: 'int java.lang.invoke.DirectMethodHandle$Holder.invokeStatic(java.lang.Object)'> (0x000000008a2ac668) 
thrown [s\open\src\hotspot\share\interpreter\linkResolver.cpp, line 773]
Event: 59.344 Thread 0x0000023014a226f0 Implicit null exception at 0x0000022fc153f92b to 0x0000022fc154156c
Event: 213.970 Thread 0x0000023014a226f0 Implicit null exception at 0x0000022fc158fe87 to 0x0000022fc15911c8
Event: 306.568 Thread 0x0000023014a226f0 Implicit null exception at 0x0000022fc1582bcb to 0x0000022fc1586ee0

VM Operations (20 events):
Event: 299.619 Executing VM operation: Cleanup
Event: 299.619 Executing VM operation: Cleanup done
Event: 300.620 Executing VM operation: Cleanup
Event: 300.620 Executing VM operation: Cleanup done
Event: 300.715 Executing VM operation: HandshakeAllThreads
Event: 300.715 Executing VM operation: HandshakeAllThreads done
Event: 303.716 Executing VM operation: Cleanup
Event: 303.716 Executing VM operation: Cleanup done
Event: 306.717 Executing VM operation: Cleanup
Event: 306.717 Executing VM operation: Cleanup done
Event: 307.718 Executing VM operation: Cleanup
Event: 307.718 Executing VM operation: Cleanup done
Event: 308.718 Executing VM operation: Cleanup
Event: 308.718 Executing VM operation: Cleanup done
Event: 311.720 Executing VM operation: Cleanup
Event: 311.720 Executing VM operation: Cleanup done
Event: 323.726 Executing VM operation: Cleanup
Event: 323.726 Executing VM operation: Cleanup done
Event: 324.727 Executing VM operation: Cleanup
Event: 324.727 Executing VM operation: Cleanup done

Events (20 events):
Event: 44.404 Thread 0x0000023015ff8560 Thread added: 0x0000023015ff8560
Event: 45.116 Thread 0x0000023013d106a0 Thread exited: 0x0000023013d106a0
Event: 45.826 Thread 0x0000023013d106a0 Thread added: 0x0000023013d106a0
Event: 45.852 Thread 0x0000023014df99b0 Thread added: 0x0000023014df99b0
Event: 45.969 Thread 0x0000023015ffb530 Thread added: 0x0000023015ffb530
Event: 46.970 Thread 0x0000023014df99b0 Thread exited: 0x0000023014df99b0
Event: 46.971 Thread 0x0000023013d106a0 Thread exited: 0x0000023013d106a0
Event: 50.996 Thread 0x0000023015ff8560 Thread exited: 0x0000023015ff8560
Event: 59.257 Thread 0x0000023016f479d0 Thread added: 0x0000023016f479d0
Event: 59.257 Thread 0x00000230150af650 Thread added: 0x00000230150af650
Event: 59.311 Thread 0x0000023015ffaa90 Thread added: 0x0000023015ffaa90
Event: 59.676 Thread 0x00000230150af650 Thread exited: 0x00000230150af650
Event: 60.969 Thread 0x0000023016f479d0 Thread exited: 0x0000023016f479d0
Event: 64.318 Thread 0x0000023015ffaa90 Thread exited: 0x0000023015ffaa90
Event: 153.201 Thread 0x00000230162c72a0 Thread added: 0x00000230162c72a0
Event: 153.970 Thread 0x00000230162c72a0 Thread exited: 0x00000230162c72a0
Event: 289.523 Thread 0x000002301614e3f0 Thread added: 0x000002301614e3f0
Event: 289.910 Thread 0x000002301614e3f0 Thread exited: 0x000002301614e3f0
Event: 290.296 Thread 0x0000023013cc96d0 Thread added: 0x0000023013cc96d0
Event: 290.551 Thread 0x0000023013cc96d0 Thread exited: 0x0000023013cc96d0


Dynamic libraries:
0x00007ff6573e0000 - 0x00007ff6573f0000 	C:\Program Files\Java\jdk-20\bin\java.exe
0x00007ffc0b070000 - 0x00007ffc0b2a8000 	C:\WINDOWS\SYSTEM32\ntdll.dll
0x00007ffc0a7a0000 - 0x00007ffc0a869000 	C:\WINDOWS\System32\KERNEL32.DLL
0x00007ffc089a0000 - 0x00007ffc08cfb000 	C:\WINDOWS\System32\KERNELBASE.dll
0x00007ffc08750000 - 0x00007ffc0888c000 	C:\WINDOWS\System32\ucrtbase.dll
0x00007ffc03450000 - 0x00007ffc0346b000 	C:\Program Files\Java\jdk-20\bin\VCRUNTIME140.dll
0x00007ffbdb900000 - 0x00007ffbdb919000 	C:\Program Files\Java\jdk-20\bin\jli.dll
0x00007ffc0ac80000 - 0x00007ffc0ad30000 	C:\WINDOWS\System32\ADVAPI32.dll
0x00007ffc0ad40000 - 0x00007ffc0ade7000 	C:\WINDOWS\System32\msvcrt.dll
0x00007ffc09980000 - 0x00007ffc09a23000 	C:\WINDOWS\System32\sechost.dll
0x00007ffc09c90000 - 0x00007ffc09db6000 	C:\WINDOWS\System32\RPCRT4.dll
0x00007ffc09ac0000 - 0x00007ffc09c80000 	C:\WINDOWS\System32\USER32.dll
0x00007ffbf13d0000 - 0x00007ffbf1662000 	C:\WINDOWS\WinSxS\amd64_microsoft.windows.common-controls_6595b64144ccf1df_6.0.25997.1000_none_8786e03de04a2fab\COMCTL32.dll
0x00007ffc08660000 - 0x00007ffc08687000 	C:\WINDOWS\System32\win32u.dll
0x00007ffc0ab50000 - 0x00007ffc0ab7a000 	C:\WINDOWS\System32\GDI32.dll
0x00007ffc08d00000 - 0x00007ffc08e1f000 	C:\WINDOWS\System32\gdi32full.dll
0x00007ffc08430000 - 0x00007ffc084d5000 	C:\WINDOWS\System32\msvcp_win.dll
0x00007ffbfae80000 - 0x00007ffbfae8b000 	C:\WINDOWS\SYSTEM32\VERSION.dll
0x00007ffc0a9a0000 - 0x00007ffc0a9d1000 	C:\WINDOWS\System32\IMM32.DLL
0x00007ffc03280000 - 0x00007ffc0328c000 	C:\Program Files\Java\jdk-20\bin\vcruntime140_1.dll
0x00007ffbf35c0000 - 0x00007ffbf364e000 	C:\Program Files\Java\jdk-20\bin\msvcp140.dll
0x00007ffbb2230000 - 0x00007ffbb2ec8000 	C:\Program Files\Java\jdk-20\bin\server\jvm.dll
0x00007ffc03290000 - 0x00007ffc0329a000 	C:\WINDOWS\SYSTEM32\WSOCK32.dll
0x00007ffbfe400000 - 0x00007ffbfe435000 	C:\WINDOWS\SYSTEM32\WINMM.dll
0x00007ffc0ae50000 - 0x00007ffc0aec4000 	C:\WINDOWS\System32\WS2_32.dll
0x00007ffc072e0000 - 0x00007ffc072f9000 	C:\WINDOWS\SYSTEM32\kernel.appcore.dll
0x00007ffc01b30000 - 0x00007ffc01b3a000 	C:\Program Files\Java\jdk-20\bin\jimage.dll
0x00007ffc05ef0000 - 0x00007ffc06126000 	C:\WINDOWS\SYSTEM32\DBGHELP.DLL
0x00007ffc09dd0000 - 0x00007ffc0a144000 	C:\WINDOWS\System32\combase.dll
0x00007ffc0a660000 - 0x00007ffc0a736000 	C:\WINDOWS\System32\OLEAUT32.dll
0x00007ffbf3730000 - 0x00007ffbf3769000 	C:\WINDOWS\SYSTEM32\dbgcore.DLL
0x00007ffc08890000 - 0x00007ffc08910000 	C:\WINDOWS\System32\bcryptPrimitives.dll
0x00007ffbf6f60000 - 0x00007ffbf6f86000 	C:\Program Files\Java\jdk-20\bin\java.dll
0x00007ffbf3650000 - 0x00007ffbf3727000 	C:\Program Files\Java\jdk-20\bin\jsvml.dll
0x00007ffc08e30000 - 0x00007ffc095fc000 	C:\WINDOWS\System32\SHELL32.dll
0x00007ffc06220000 - 0x00007ffc06a85000 	C:\WINDOWS\SYSTEM32\windows.storage.dll
0x00007ffc0af50000 - 0x00007ffc0b027000 	C:\WINDOWS\System32\SHCORE.dll
0x00007ffc0adf0000 - 0x00007ffc0ae4d000 	C:\WINDOWS\System32\shlwapi.dll
0x00007ffc08350000 - 0x00007ffc08374000 	C:\WINDOWS\SYSTEM32\profapi.dll
0x00007ffbf8bf0000 - 0x00007ffbf8c03000 	C:\Program Files\Java\jdk-20\bin\net.dll
0x00007ffbfb2c0000 - 0x00007ffbfb3dd000 	C:\WINDOWS\SYSTEM32\WINHTTP.dll
0x00007ffc07790000 - 0x00007ffc077f9000 	C:\WINDOWS\system32\mswsock.dll
0x00007ffbf70b0000 - 0x00007ffbf70c6000 	C:\Program Files\Java\jdk-20\bin\nio.dll
0x00007ffbf6f00000 - 0x00007ffbf6f18000 	C:\Program Files\Java\jdk-20\bin\zip.dll
0x00007ffbec0a0000 - 0x00007ffbec231000 	C:\Program Files\Java\jdk-20\bin\awt.dll
0x00007ffc05440000 - 0x00007ffc054e0000 	C:\WINDOWS\SYSTEM32\apphelp.dll
0x00007ffc05540000 - 0x00007ffc055e8000 	C:\WINDOWS\system32\uxtheme.dll
0x00007ffc0a9f0000 - 0x00007ffc0ab3e000 	C:\WINDOWS\System32\MSCTF.dll
0x00007ffc09600000 - 0x00007ffc09794000 	C:\WINDOWS\System32\ole32.dll
0x00007ffc05790000 - 0x00007ffc057bb000 	C:\WINDOWS\system32\DWMAPI.DLL
0x00007ffbdf9f0000 - 0x00007ffbdfaef000 	C:\WINDOWS\system32\opengl32.dll
0x00007ffbef9f0000 - 0x00007ffbefa1d000 	C:\WINDOWS\SYSTEM32\GLU32.dll
0x00007ffc05620000 - 0x00007ffc0565d000 	C:\WINDOWS\SYSTEM32\dxcore.dll
0x00007ffbf3010000 - 0x00007ffbf3096000 	C:\Program Files\Java\jdk-20\bin\freetype.dll
0x00007ffbebfc0000 - 0x00007ffbec093000 	C:\Program Files\Java\jdk-20\bin\fontmanager.dll
0x00007ffc0a870000 - 0x00007ffc0a918000 	C:\WINDOWS\System32\clbcatq.dll
0x00007ffc03cd0000 - 0x00007ffc03ee3000 	C:\WINDOWS\SYSTEM32\WindowsCodecs.dll
0x00007ffbe9600000 - 0x00007ffbe965a000 	C:\WINDOWS\system32\dataexchange.dll
0x00007ffbfe6a0000 - 0x00007ffbfe8d5000 	C:\WINDOWS\system32\twinapi.appcore.dll
0x00007ffbf6420000 - 0x00007ffbf6577000 	C:\WINDOWS\SYSTEM32\textinputframework.dll
0x00007ffc05020000 - 0x00007ffc05139000 	C:\WINDOWS\SYSTEM32\CoreMessaging.dll
0x00007ffc01d00000 - 0x00007ffc01fe2000 	C:\WINDOWS\SYSTEM32\CoreUIComponents.dll
0x00007ffc02670000 - 0x00007ffc027d7000 	C:\WINDOWS\SYSTEM32\wintypes.dll
0x00007ffc07a60000 - 0x00007ffc07a6c000 	C:\WINDOWS\SYSTEM32\CRYPTBASE.DLL
0x00007ffc016b0000 - 0x00007ffc016c0000 	C:\Program Files\Java\jdk-20\bin\verify.dll
0x00007ffc06db0000 - 0x00007ffc06ec4000 	C:\WINDOWS\SYSTEM32\DNSAPI.dll
0x00007ffc06d30000 - 0x00007ffc06d60000 	C:\WINDOWS\SYSTEM32\IPHLPAPI.DLL
0x00007ffc09a80000 - 0x00007ffc09a8a000 	C:\WINDOWS\System32\NSI.dll
0x00007ffbf6410000 - 0x00007ffbf641b000 	C:\Windows\System32\rasadhlp.dll
0x00007ffbfaf70000 - 0x00007ffbfaff5000 	C:\WINDOWS\System32\fwpuclnt.dll
0x00007ffbf8cb0000 - 0x00007ffbf8cb7000 	C:\Program Files\Java\jdk-20\bin\extnet.dll
0x00007ffbe06a0000 - 0x00007ffbe0754000 	C:\WINDOWS\WinSxS\amd64_microsoft.windows.common-controls_6595b64144ccf1df_5.82.25997.1000_none_fcacaca579556f02\comctl32.dll

dbghelp: loaded successfully - version: 4.0.5 - missing functions: none
symbol engine: initialized successfully - sym options: 0x614 - pdb path: .;C:\Program Files\Java\jdk-20\bin;C:\WINDOWS\SYSTEM32;C:\WINDOWS\WinSxS\amd64_microsoft.windows.common-controls_6595b64144ccf1df_6.0.25997.1000_none_8786e03de04a2fab;C:\Program Files\Java\jdk-20\bin\server;C:\WINDOWS\WinSxS\amd64_microsoft.windows.common-controls_6595b64144ccf1df_5.82.25997.1000_none_fcacaca579556f02

VM Arguments:
jvm_args: -Dfile.encoding=UTF-8 
java_command: giaodienchuan.Main
java_class_path (initial): E:\download\DoAnPhanMemQuanLyCuaHangSach-main\DoAnPhanMemQuanLyCuaHangSach-main\src\lib\mysql-connector-java-5.1.23-bin.jar;E:\download\DoAnPhanMemQuanLyCuaHangSach-main\DoAnPhanMemQuanLyCuaHangSach-main\src\lib\LGoodDatePicker-10.4.1.jar;E:\download\DoAnPhanMemQuanLyCuaHangSach-main\DoAnPhanMemQuanLyCuaHangSach-main\src\lib\POI\poi-4.1.0.jar;E:\download\DoAnPhanMemQuanLyCuaHangSach-main\DoAnPhanMemQuanLyCuaHangSach-main\src\lib\POI\commons-collections4-4.3.jar;E:\download\DoAnPhanMemQuanLyCuaHangSach-main\DoAnPhanMemQuanLyCuaHangSach-main\src\lib\POI\commons-codec-1.12.jar;E:\download\DoAnPhanMemQuanLyCuaHangSach-main\DoAnPhanMemQuanLyCuaHangSach-main\src\lib\itextpdf-5.5.12.jar;E:\download\DoAnPhanMemQuanLyCuaHangSach-main\DoAnPhanMemQuanLyCuaHangSach-main\build\classes
Launcher Type: SUN_STANDARD

[Global flags]
     intx CICompilerCount                          = 4                                         {product} {ergonomic}
     uint ConcGCThreads                            = 2                                         {product} {ergonomic}
     uint G1ConcRefinementThreads                  = 8                                         {product} {ergonomic}
   size_t G1HeapRegionSize                         = 1048576                                   {product} {ergonomic}
    uintx GCDrainStackTargetSize                   = 64                                        {product} {ergonomic}
   size_t InitialHeapSize                          = 132120576                                 {product} {ergonomic}
   size_t MarkStackSize                            = 4194304                                   {product} {ergonomic}
   size_t MaxHeapSize                              = 2105540608                                {product} {ergonomic}
   size_t MaxNewSize                               = 1262485504                                {product} {ergonomic}
   size_t MinHeapDeltaBytes                        = 1048576                                   {product} {ergonomic}
   size_t MinHeapSize                              = 8388608                                   {product} {ergonomic}
    uintx NonNMethodCodeHeapSize                   = 5839372                                {pd product} {ergonomic}
    uintx NonProfiledCodeHeapSize                  = 122909434                              {pd product} {ergonomic}
    uintx ProfiledCodeHeapSize                     = 122909434                              {pd product} {ergonomic}
    uintx ReservedCodeCacheSize                    = 251658240                              {pd product} {ergonomic}
     bool SegmentedCodeCache                       = true                                      {product} {ergonomic}
   size_t SoftMaxHeapSize                          = 2105540608                             {manageable} {ergonomic}
     bool UseCompressedClassPointers               = true                           {product lp64_product} {ergonomic}
     bool UseCompressedOops                        = true                           {product lp64_product} {ergonomic}
     bool UseG1GC                                  = true                                      {product} {ergonomic}
     bool UseLargePagesIndividualAllocation        = false                                  {pd product} {ergonomic}

Logging:
Log output configuration:
 #0: stdout all=warning uptime,level,tags foldmultilines=false
 #1: stderr all=off uptime,level,tags foldmultilines=false

Environment Variables:
PATH=C:\Program Files\Microsoft\jdk-11.0.16.101-hotspot\bin;C:\Program Files\Common Files\Oracle\Java\javapath;C:\Windows\system32;C:\Windows;C:\Windows\System32\Wbem;C:\Windows\System32\WindowsPowerShell\v1.0\;C:\Windows\System32\OpenSSH\;C:\Program Files (x86)\NVIDIA Corporation\PhysX\Common;C:\Program Files\NVIDIA Corporation\NVIDIA NvDLISR;C:\WINDOWS\system32;C:\WINDOWS;C:\WINDOWS\System32\Wbem;C:\WINDOWS\System32\WindowsPowerShell\v1.0\;C:\WINDOWS\System32\OpenSSH\;C:\Program Files\Azure Data Studio\bin;C:\Program Files\Git\cmd;C:\Program Files\dotnet\sdk\7.0.400;C:\Program Files\Java\jdk-20\bin;C:\Program Files\Microsoft SQL Server\150\Tools\Binn\;C:\Program Files\Microsoft SQL Server\Client SDK\ODBC\170\Tools\Binn\;C:\Program Files\dotnet\;C:\Program Files (x86)\Microsoft SQL Server\160\Tools\Binn\;C:\Program Files\Microsoft SQL Server\160\Tools\Binn\;C:\Program Files\Microsoft SQL Server\160\DTS\Binn\;C:\Program Files (x86)\Microsoft SQL Server\160\DTS\Binn\;C:\Users\dinhv\AppData\Local\Microsoft\WindowsApps;C:\Users\dinhv\AppData\Local\Programs\Microsoft VS Code\bin;C:\Program Files\Azure Data Studio\bin;C:\Users\dinhv\.dotnet\tools;C:\Users\dinhv\AppData\Local\GitHubDesktop\bin
USERNAME=dinhv
OS=Windows_NT
PROCESSOR_IDENTIFIER=Intel64 Family 6 Model 165 Stepping 2, GenuineIntel
TMP=C:\Users\dinhv\AppData\Local\Temp
TEMP=C:\Users\dinhv\AppData\Local\Temp




---------------  S Y S T E M  ---------------

OS:
 Windows 11 , 64 bit Build 25997 (10.0.25997.1000)
OS uptime: 0 days 11:30 hours
Hyper-V role detected

CPU: total 8 (initial active 8) (4 cores per cpu, 2 threads per core) family 6 model 165 stepping 2 microcode 0xe0, cx8, cmov, fxsr, ht, mmx, 3dnowpref, sse, sse2, sse3, ssse3, sse4.1, sse4.2, popcnt, lzcnt, tsc, tscinvbit, avx, avx2, aes, erms, clmul, bmi1, bmi2, adx, fma, vzeroupper, clflush, clflushopt, hv, rdtscp, f16c

Memory: 4k page, system-wide physical 8028M (925M free)
TotalPageFile size 13013M (AvailPageFile size 120M)
current process WorkingSet (physical memory assigned to process): 147M, peak: 159M
current process commit charge ("private bytes"): 250M, peak: 269M

vm_info: Java HotSpot(TM) 64-Bit Server VM (20.0.2+9-78) for windows-amd64 JRE (20.0.2+9-78), built on 2023-06-14T10:08:48Z by "mach5one" with MS VC++ 17.1 (VS2022)

END.
